<?xml version='1.0' encoding='UTF-8'?>
<result plugin="junit@1.2-beta-4">
  <suites>
    <suite>
      <file>/var/lib/jenkins/jobs/Quality Test/workspace/report/test-reports.xml</file>
      <name>Mocha Tests</name>
      <duration>0.068</duration>
      <timestamp>Fri, 02 Sep 2016 14:51:10 GMT</timestamp>
      <cases>
        <case>
          <duration>0.008</duration>
          <className>Testing DB Functions</className>
          <testName>testing db#exist</testName>
          <skipped>false</skipped>
          <failedSince>0</failedSince>
        </case>
        <case>
          <duration>0.002</duration>
          <className>Testing DB Functions</className>
          <testName>testing db#findById</testName>
          <skipped>false</skipped>
          <failedSince>0</failedSince>
        </case>
        <case>
          <duration>0.002</duration>
          <className>Testing DB Functions</className>
          <testName>testing db#find</testName>
          <skipped>false</skipped>
          <failedSince>0</failedSince>
        </case>
        <case>
          <duration>0.001</duration>
          <className>Testing DB Functions</className>
          <testName>testing db#findById with empty id should generate an error.</testName>
          <skipped>false</skipped>
          <failedSince>0</failedSince>
        </case>
        <case>
          <duration>0.036</duration>
          <className>Testing DB Functions</className>
          <testName>testing db#create with empty id should generate an error.</testName>
          <skipped>false</skipped>
          <failedSince>0</failedSince>
        </case>
        <case>
          <duration>0.003</duration>
          <className>Testing DB Functions</className>
          <testName>testing db#update should update the collection</testName>
          <skipped>false</skipped>
          <failedSince>0</failedSince>
        </case>
        <case>
          <duration>0.004</duration>
          <className>Testing DB Functions</className>
          <testName>testing db#update with empty query should not generate an error.</testName>
          <skipped>false</skipped>
          <failedSince>0</failedSince>
        </case>
        <case>
          <duration>0.002</duration>
          <className>Testing DB Functions</className>
          <testName>testing db#removeById with empty id should generate an error.</testName>
          <skipped>false</skipped>
          <failedSince>0</failedSince>
        </case>
        <case>
          <duration>0.002</duration>
          <className>Testing helper functionality</className>
          <testName>testing helper#getCurrentTimeInMilliSecond</testName>
          <skipped>false</skipped>
          <failedSince>0</failedSince>
        </case>
        <case>
          <duration>0.003</duration>
          <className>Testing helper functionality</className>
          <testName>testing helper#addDays</testName>
          <skipped>false</skipped>
          <failedSince>0</failedSince>
        </case>
        <case>
          <duration>0.001</duration>
          <className>testing the login</className>
          <testName>handle properly user results</testName>
          <skipped>false</skipped>
          <failedSince>0</failedSince>
        </case>
        <case>
          <duration>0.0</duration>
          <className>testing the login</className>
          <testName>testing active user should be active#isActive</testName>
          <skipped>false</skipped>
          <failedSince>0</failedSince>
        </case>
        <case>
          <duration>0.0</duration>
          <className>testing the login</className>
          <testName>testing inactive user#isActive</testName>
          <skipped>false</skipped>
          <failedSince>0</failedSince>
        </case>
        <case>
          <duration>0.0</duration>
          <className>testing the login</className>
          <testName>testing empty user Object #isActive</testName>
          <skipped>false</skipped>
          <failedSince>0</failedSince>
        </case>
        <case>
          <duration>0.0</duration>
          <className>testing the login</className>
          <testName>testing login method user#login</testName>
          <skipped>false</skipped>
          <failedSince>0</failedSince>
        </case>
        <case>
          <duration>0.001</duration>
          <className>testing the login</className>
          <testName>testing login wrong user#login</testName>
          <skipped>false</skipped>
          <failedSince>0</failedSince>
        </case>
        <case>
          <duration>0.0</duration>
          <className>testing the login</className>
          <testName>response successful request user#respondSuccessRequest</testName>
          <skipped>false</skipped>
          <failedSince>0</failedSince>
        </case>
        <case>
          <duration>0.001</duration>
          <className>testing the login</className>
          <testName>response successful request user#handleUserVerification</testName>
          <skipped>false</skipped>
          <failedSince>0</failedSince>
        </case>
        <case>
          <duration>0.002</duration>
          <className>testing the login</className>
          <testName>response successful request user#createVerificationView</testName>
          <skipped>false</skipped>
          <failedSince>0</failedSince>
        </case>
      </cases>
    </suite>
  </suites>
  <duration>0.068</duration>
  <keepLongStdio>false</keepLongStdio>
</result>