<?xml version='1.0' encoding='UTF-8'?>
<result plugin="junit@1.2-beta-4">
  <suites>
    <suite>
      <file>/var/lib/jenkins/jobs/SIT/workspace/report/integration-reports.xml</file>
      <name>Mocha Tests</name>
      <duration>0.005</duration>
      <timestamp>Fri, 02 Sep 2016 12:12:54 GMT</timestamp>
      <cases>
        <case>
          <duration>0.0</duration>
          <className>express rest api server</className>
          <testName>getting the index page of the service</testName>
          <skipped>false</skipped>
          <errorStackTrace>No errors are expected here.: expected [Error: Forbidden] to equal null
AssertionError: No errors are expected here.: expected [Error: Forbidden] to equal null
    at test/integration/user.js:75:20
    at Request.callback (node_modules/superagent/lib/node/index.js:603:3)
    at IncomingMessage.&lt;anonymous&gt; (node_modules/superagent/lib/node/index.js:767:18)
    at endReadableNT (_stream_readable.js:974:12)
    at _combinedTickCallback (internal/process/next_tick.js:74:11)
    at process._tickCallback (internal/process/next_tick.js:98:9)</errorStackTrace>
          <failedSince>0</failedSince>
        </case>
        <case>
          <duration>0.005</duration>
          <className>express rest api server</className>
          <testName>testing authentication</testName>
          <skipped>false</skipped>
          <failedSince>0</failedSince>
        </case>
      </cases>
    </suite>
  </suites>
  <duration>0.005</duration>
  <keepLongStdio>false</keepLongStdio>
</result>